#
# A fatal error has been detected by the Java Runtime Environment:
#
#  EXCEPTION_ACCESS_VIOLATION (0xc0000005) at pc=0x000001a48f866624, pid=6140, tid=14716
#
# JRE version: Java(TM) SE Runtime Environment (21.0.5+9) (build 21.0.5+9-LTS-239)
# Java VM: Java HotSpot(TM) 64-Bit Server VM (21.0.5+9-LTS-239, mixed mode, sharing, tiered, compressed oops, compressed class ptrs, g1 gc, windows-amd64)
# Problematic frame:
# v  ~BufferBlob::MethodHandles adapters 0x000001a48f866624
#
# No core dump will be written. Minidumps are not enabled by default on client versions of Windows
#
# If you would like to submit a bug report, please visit:
#   https://bugreport.java.com/bugreport/crash.jsp
#

---------------  S U M M A R Y ------------

Command Line: -agentlib:jdwp=transport=dt_socket,address=127.0.0.1:61067,suspend=y,server=n -javaagent:C:\Users\shaya\AppData\Local\JetBrains\IdeaIC2024.1\captureAgent\debugger-agent.jar -Dfile.encoding=UTF-8 -Dsun.stdout.encoding=UTF-8 -Dsun.stderr.encoding=UTF-8 pl.electronic_emergency_departament.webapi.WebApiApplication

Host: AMD Ryzen 7 5700X 8-Core Processor             , 16 cores, 15G,  Windows 11 , 64 bit Build 22621 (10.0.22621.4391)
Time: Mon Jan 20 20:06:08 2025  Windows 11 , 64 bit Build 22621 (10.0.22621.4391) elapsed time: 149.300181 seconds (0d 0h 2m 29s)

---------------  T H R E A D  ---------------

Current thread (0x000001a4e7a2be50):  JavaThread "ForkJoinPool-1-worker-3" daemon [_thread_in_Java, id=14716, stack(0x00000052b4600000,0x00000052b4700000) (1024K)]

Stack: [0x00000052b4600000,0x00000052b4700000],  sp=0x00000052b46fec38,  free space=1019k
Native frames: (J=compiled Java code, j=interpreted, Vv=VM code, C=native code)
C  0x000001a48f866624

The last pc belongs to _linkToVirtual (printed below).

siginfo: EXCEPTION_ACCESS_VIOLATION (0xc0000005), reading address 0xffffffffffffffff


Registers:
RAX=0x000001a48f8196b9, RBX=0x000000070404bb30, RCX=0x00000052b46fec48, RDX=0x0000000000000003
RSP=0x00000052b46fec38, RBP=0x00000052b46fec90, RSI=0x000001a4e2e2f728, RDI=0x000001a4df63c560
R8 =0x0000000000000004, R9 =0x0000000000000004, R10=0x000001a575788273, R11=0xe0809770e080976a
R12=0x0000000000000000, R13=0x00000052b46fec38, R14=0x00000052b46fecb8, R15=0x000001a4e7a2be50
RIP=0x000001a48f866624, EFLAGS=0x0000000000010202


Register to memory mapping:

RAX=0x000001a48f8196b9 is at code_begin+4665 in an Interpreter codelet
return entry points  [0x000001a48f818480, 0x000001a48f81a590]  8464 bytes
RBX=0x000000070404bb30 is an oop: pl.electronic_emergency_departament.webapi.services.security.model.UserDetailsDto 
{0x000000070404bb30} - klass: 'pl/electronic_emergency_departament/webapi/services/security/model/UserDetailsDto'
 - ---- fields (total size 4 words):
 - private 'enabled' 'Z' @12  true (0x01)
 - private 'locked' 'Z' @13  false (0x00)
 - private 'email' 'Ljava/lang/String;' @16  "k@wp.pl"{0x000000070404bb50} (0xe080976a)
 - private 'password' 'Ljava/lang/String;' @20  "$2a$10$odpS6BTfHKN2ln4WKhp1YeZmKgLrJQ1/IeEgzOc2.0R95Lw8tbjnC"{0x000000070404bb80} (0xe0809770)
 - private 'role' 'Lpl/electronic_emergency_departament/emd_data/model/UserRole;' @24  a 'pl/electronic_emergency_departament/emd_data/model/UserRole'{0x0000000702aa0288} (0xe0554051)
 - private 'user_id' 'Ljava/lang/Long;' @28  a 'java/lang/Long'{0x00000007013745c0} = 1 (0xe026e8b8)
RCX=0x00000052b46fec48 is pointing into the stack for thread: 0x000001a4e7a2be50
RDX=0x0000000000000003 is an unknown value
RSP=0x00000052b46fec38 is pointing into the stack for thread: 0x000001a4e7a2be50
RBP=0x00000052b46fec90 is pointing into the stack for thread: 0x000001a4e7a2be50
RSI=0x000001a4e2e2f728 points into unknown readable memory: 0x800012001b572fc6 | c6 2f 57 1b 00 12 00 80
RDI=0x000001a4df63c560 points into unknown readable memory: 0x0000002000000070 | 70 00 00 00 20 00 00 00
R8 =0x0000000000000004 is an unknown value
R9 =0x0000000000000004 is an unknown value
R10=0x000001a575788273 is an unknown value
R11=0xe0809770e080976a is an unknown value
R12=0x0 is null
R13=0x00000052b46fec38 is pointing into the stack for thread: 0x000001a4e7a2be50
R14=0x00000052b46fecb8 is pointing into the stack for thread: 0x000001a4e7a2be50
R15=0x000001a4e7a2be50 is a thread

Top of Stack: (sp=0x00000052b46fec38)
0x00000052b46fec38:   000001a48f8196b9 0000000702dfd450
0x00000052b46fec48:   00000052b46fec48 000001a4db788273
0x00000052b46fec58:   0000000000000005 000001a4db7883c0
0x00000052b46fec68:   000001a4db788688 0000000701c944d8
0x00000052b46fec78:   000001a4db788280 00000052b46fec38
0x00000052b46fec88:   00000052b46fecc0 00000052b46fed00
0x00000052b46fec98:   000001a48f816d2d 00000007110e10f0
0x00000052b46feca8:   000000070404bb30 0000000702dfd450
0x00000052b46fecb8:   00000007110e1240 0000000000000001
0x00000052b46fecc8:   0000000000000000 00000007110c3008
0x00000052b46fecd8:   0000000000000000 0000000000000001
0x00000052b46fece8:   00000052b46ff0e8 0000000000000000
0x00000052b46fecf8:   000001a400000000 00000052b46fed70
0x00000052b46fed08:   000001a48f8191b4 0000000000000001
0x00000052b46fed18:   0000000000000001 00000007110c3008
0x00000052b46fed28:   00000052b46fed28 000001a49a6cc2a8
0x00000052b46fed38:   0000000000000006 000001a49a07bae8
0x00000052b46fed48:   0000000000000000 00000007014376d8
0x00000052b46fed58:   000001a49a07cd30 00000052b46fed10
0x00000052b46fed68:   00000052b46feda0 00000052b46fedf0
0x00000052b46fed78:   000001a48f8191b4 0000000000000000
0x00000052b46fed88:   0000000000000000 0000000000000001
0x00000052b46fed98:   00000007040cf118 00000007110c3008
0x00000052b46feda8:   00000052b46feda8 000001a49a6619a0
0x00000052b46fedb8:   0000000000000004 000001a49a02a460
0x00000052b46fedc8:   0000000000000000 0000000701438130
0x00000052b46fedd8:   000001a49a02c730 00000052b46feda0
0x00000052b46fede8:   00000052b46fee10 00000052b46fee60
0x00000052b46fedf8:   000001a48f8191b4 0000000000000000
0x00000052b46fee08:   0000000000000009 00000007110c2f68
0x00000052b46fee18:   00000052b46fee18 000001a4defc6114
0x00000052b46fee28:   0000000000000002 000001a4defc61a0 

Instructions: (pc=0x000001a48f866624)
0x000001a48f866524:   a4 01 00 00 80 65 86 8f a4 01 00 00 00 76 86 8f
0x000001a48f866534:   a4 01 00 00 70 65 86 8f a4 01 00 00 70 65 86 8f
0x000001a48f866544:   a4 01 00 00 00 00 00 00 00 00 00 00 10 3f 4c 46
0x000001a48f866554:   f8 7f 00 00 f0 10 00 00 60 00 00 00 ff ff ff ff
0x000001a48f866564:   f0 10 00 00 00 00 00 00 00 00 00 00 00 00 00 00
0x000001a48f866574:   00 00 00 00 00 00 00 00 00 00 00 00 f4 66 66 66
0x000001a48f866584:   0f 1f 84 00 00 00 00 00 66 66 0f 1f 84 00 00 00
0x000001a48f866594:   00 00 66 66 0f 1f 84 00 00 00 00 00 48 8b 53 08
0x000001a48f8665a4:   0f b7 52 2e 48 8b 0c d4 8b 59 14 48 c1 e3 03 8b
0x000001a48f8665b4:   5b 28 48 c1 e3 03 8b 5b 24 48 c1 e3 03 48 8b 5b
0x000001a48f8665c4:   10 48 85 db 0f 84 10 00 00 00 41 80 bf d8 05 00
0x000001a48f8665d4:   00 00 74 03 ff 63 38 ff 63 50 e9 1d c0 fd ff 66
0x000001a48f8665e4:   66 66 0f 1f 84 00 00 00 00 00 66 0f 1f 84 00 00
0x000001a48f8665f4:   00 00 00 66 0f 1f 84 00 00 00 00 00 48 8b 53 08
0x000001a48f866604:   0f b7 52 2e 48 8b 0c d4 58 5b 50 44 8b 51 08 49
0x000001a48f866614:   bb 00 00 00 9a a4 01 00 00 4d 03 d3 4c 8b 5b 10
0x000001a48f866624:   4b 8b 9c da c0 01 00 00 48 85 db 0f 84 10 00 00
0x000001a48f866634:   00 41 80 bf d8 05 00 00 00 74 03 ff 63 38 ff 63
0x000001a48f866644:   50 e9 b6 bf fd ff 66 66 66 0f 1f 84 00 00 00 00
0x000001a48f866654:   00 66 66 66 0f 1f 84 00 00 00 00 00 58 5b 50 8b
0x000001a48f866664:   5b 24 48 c1 e3 03 48 8b 5b 10 48 85 db 0f 84 10
0x000001a48f866674:   00 00 00 41 80 bf d8 05 00 00 00 74 03 ff 63 38
0x000001a48f866684:   ff 63 50 e9 74 bf fd ff 66 66 0f 1f 84 00 00 00
0x000001a48f866694:   00 00 66 66 0f 1f 84 00 00 00 00 00 48 8b 53 08
0x000001a48f8666a4:   0f b7 52 2e 48 8b 0c d4 58 5b 50 48 3b 01 8b 5b
0x000001a48f8666b4:   24 48 c1 e3 03 48 8b 5b 10 48 85 db 0f 84 10 00
0x000001a48f8666c4:   00 00 41 80 bf d8 05 00 00 00 74 03 ff 63 38 ff
0x000001a48f8666d4:   63 50 e9 25 bf fd ff 0f 1f 44 00 00 48 8b 53 08
0x000001a48f8666e4:   0f b7 52 2e 48 8b 0c d4 58 5b 50 44 8b 51 08 49
0x000001a48f8666f4:   bb 00 00 00 9a a4 01 00 00 4d 03 d3 8b 43 18 48
0x000001a48f866704:   c1 e0 03 48 8b 40 10 48 8b 5b 10 45 8b 9a a0 00
0x000001a48f866714:   00 00 4f 8d 9c da c0 01 00 00 4d 8d 14 da 49 8b 


Stack slot to memory mapping:

stack at sp + 0 slots: 0x000001a48f8196b9 is at code_begin+4665 in an Interpreter codelet
return entry points  [0x000001a48f818480, 0x000001a48f81a590]  8464 bytes
stack at sp + 1 slots: 0x0000000702dfd450 is an oop: pl.electronic_emergency_departament.webapi.services.UserController 
{0x0000000702dfd450} - klass: 'pl/electronic_emergency_departament/webapi/services/UserController'
 - ---- fields (total size 3 words):
 - private final 'userService' 'Lpl/electronic_emergency_departament/webapi/services/UserService;' @12  a 'pl/electronic_emergency_departament/webapi/services/UserService'{0x0000000702c9dd18} (0xe0593ba3)
 - private final 'confirmationTokenService' 'Lpl/electronic_emergency_departament/webapi/registration/token/ConfirmationTokenService;' @16  a 'pl/electronic_emergency_departament/webapi/registration/token/ConfirmationTokenService'{0x0000000702d803e0} (0xe05b007c)
stack at sp + 2 slots: 0x00000052b46fec48 is pointing into the stack for thread: 0x000001a4e7a2be50
stack at sp + 3 slots: 0x000001a4db788273 is pointing into metadata
stack at sp + 4 slots: 0x0000000000000005 is an unknown value
stack at sp + 5 slots: 0x000001a4db7883c0 is pointing into metadata
stack at sp + 6 slots: 0x000001a4db788688 is pointing into metadata
stack at sp + 7 slots: 0x0000000701c944d8 is an oop: java.lang.Class 
{0x0000000701c944d8} - klass: 'java/lang/Class'
 - ---- fields (total size 15 words):
 - private volatile transient 'classRedefinedCount' 'I' @12  0 (0x00000000)
 - injected 'klass' 'J' @16  1806487928832 (0x000001a49b124000)
 - injected 'array_klass' 'J' @24  0 (0x0000000000000000)
 - injected 'oop_size' 'I' @32  15 (0x0000000f)
 - injected 'static_oop_field_count' 'I' @36  1 (0x00000001)
 - private volatile transient 'cachedConstructor' 'Ljava/lang/reflect/Constructor;' @40  null (0x00000000)
 - private transient 'name' 'Ljava/lang/String;' @44  null (0x00000000)
 - private transient 'module' 'Ljava/lang/Module;' @48  a 'java/lang/Module'{0x000000070147d3e0} (0xe028fa7c)
 - private final 'classLoader' 'Ljava/lang/ClassLoader;' @52  null (0x00000000)
 - private transient 'classData' 'Ljava/lang/Object;' @56  a 'java/lang/invoke/LambdaForm'{0x0000000701c94378} => a 'java/lang/invoke/MemberName'{0x0000000701c944a8} = {method} {0x000001a4db788288} 'invokeVirtual' '(Ljava/lang/Object;Ljava/lang/Object;Ljava/lang/Object;)Ljava/lang/Object;' in 'java/lang/invoke/LambdaForm$DMH+0x000001a49b124000' (0xe039286f)
 - private transient 'packageName' 'Ljava/lang/String;' @60  null (0x00000000)
 - private final 'componentType' 'Ljava/lang/Class;' @64  null (0x00000000)
 - private volatile transient 'reflectionData' 'Ljava/lang/ref/SoftReference;' @68  null (0x00000000)
 - private volatile transient 'genericInfo' 'Lsun/reflect/generics/repository/ClassRepository;' @72  null (0x00000000)
 - private volatile transient 'enumConstants' '[Ljava/lang/Object;' @76  null (0x00000000)
 - private volatile transient 'enumConstantDirectory' 'Ljava/util/Map;' @80  null (0x00000000)
 - private volatile transient 'annotationData' 'Ljava/lang/Class$AnnotationData;' @84  null (0x00000000)
 - private volatile transient 'annotationType' 'Lsun/reflect/annotation/AnnotationType;' @88  null (0x00000000)
 - transient 'classValueMap' 'Ljava/lang/ClassValue$ClassValueMap;' @92  null (0x00000000)
 - injected 'protection_domain' 'Ljava/lang/Object;' @96  null (0x00000000)
 - injected 'signers_name' 'Ljava/lang/Object;' @100  null (0x00000000)
 - injected 'source_file' 'Ljava/lang/Object;' @104  null (0x00000000)
 - signature: Ljava/lang/invoke/LambdaForm$DMH+0x000001a49b124000;
 - ---- static fields (1):
 - static final '_D_0' 'Ljava/lang/invoke/LambdaForm;' @112  a 'java/lang/invoke/LambdaForm'{0x0000000701c94378} => a 'java/lang/invoke/MemberName'{0x0000000701c944a8} = {method} {0x000001a4db788288} 'invokeVirtual' '(Ljava/lang/Object;Ljava/lang/Object;Ljava/lang/Object;)Ljava/lang/Object;' in 'java/lang/invoke/LambdaForm$DMH+0x000001a49b124000' (0xe039286f)

MethodHandle::interpreter_entry::_linkToVirtual [0x000001a48f8665e3, 0x000001a48f86664a] (103 bytes)
[MachCode]
  0x000001a48f8665e3: 6666 660f | 1f84 0000 | 0000 0066 | 0f1f 8400 | 0000 0000 | 660f 1f84 | 0000 0000 | 0048 8b53 
  0x000001a48f866603: 080f b752 | 2e48 8b0c | d458 5b50 | 448b 5108 | 49bb 0000 | 009a a401 | 0000 4d03 | d34c 8b5b 
  0x000001a48f866623: 104b 8b9c | dac0 0100 | 0048 85db | 0f84 1000 | 0000 4180 | bfd8 0500 | 0000 7403 | ff63 38ff 
  0x000001a48f866643: 6350 e9b6 | 
[/MachCode]

---------------  P R O C E S S  ---------------

Threads class SMR info:
_java_thread_list=0x000001a4e72e1c20, length=31, elements={
0x000001a4ffec4cf0, 0x000001a4ffec5c00, 0x000001a4ffec87c0, 0x000001a4ffecb6b0,
0x000001a4ffecc100, 0x000001a4df008090, 0x000001a4df008b50, 0x000001a4df00f680,
0x000001a4df137020, 0x000001a4df1c5300, 0x000001a4df211ae0, 0x000001a4df2f57b0,
0x000001a4e166e790, 0x000001a4e56cfa40, 0x000001a4e3bc9510, 0x000001a4e08d3840,
0x000001a4e08d6630, 0x000001a4e7a31a30, 0x000001a4e7a32750, 0x000001a4e7a2df20,
0x000001a4e7a320c0, 0x000001a4e7a313a0, 0x000001a4e7a2be50, 0x000001a4e7a32de0,
0x000001a4e7a2f2d0, 0x000001a4e7a2f960, 0x000001a4e7a2d890, 0x000001a4e7a2cb70,
0x000001a4e7a33470, 0x000001a4e7a2c4e0, 0x000001a4e7a2ec40
}

Java Threads: ( => current thread )
  0x000001a4ffec4cf0 JavaThread "Reference Handler"          daemon [_thread_blocked, id=7276, stack(0x00000052b3700000,0x00000052b3800000) (1024K)]
  0x000001a4ffec5c00 JavaThread "Finalizer"                  daemon [_thread_blocked, id=19968, stack(0x00000052b3800000,0x00000052b3900000) (1024K)]
  0x000001a4ffec87c0 JavaThread "Signal Dispatcher"          daemon [_thread_blocked, id=21176, stack(0x00000052b3900000,0x00000052b3a00000) (1024K)]
  0x000001a4ffecb6b0 JavaThread "Attach Listener"            daemon [_thread_blocked, id=16660, stack(0x00000052b3a00000,0x00000052b3b00000) (1024K)]
  0x000001a4ffecc100 JavaThread "Service Thread"             daemon [_thread_blocked, id=4992, stack(0x00000052b3b00000,0x00000052b3c00000) (1024K)]
  0x000001a4df008090 JavaThread "Monitor Deflation Thread"   daemon [_thread_blocked, id=7964, stack(0x00000052b3c00000,0x00000052b3d00000) (1024K)]
  0x000001a4df008b50 JavaThread "C2 CompilerThread0"         daemon [_thread_blocked, id=9760, stack(0x00000052b3d00000,0x00000052b3e00000) (1024K)]
  0x000001a4df00f680 JavaThread "C1 CompilerThread0"         daemon [_thread_blocked, id=18788, stack(0x00000052b3e00000,0x00000052b3f00000) (1024K)]
  0x000001a4df137020 JavaThread "Common-Cleaner"             daemon [_thread_blocked, id=17200, stack(0x00000052b3f00000,0x00000052b4000000) (1024K)]
  0x000001a4df1c5300 JavaThread "JDWP Transport Listener: dt_socket" daemon [_thread_blocked, id=2524, stack(0x00000052b4200000,0x00000052b4300000) (1024K)]
  0x000001a4df211ae0 JavaThread "JDWP Event Helper Thread"   daemon [_thread_blocked, id=20412, stack(0x00000052b4300000,0x00000052b4400000) (1024K)]
  0x000001a4df2f57b0 JavaThread "Notification Thread"        daemon [_thread_blocked, id=18584, stack(0x00000052b4500000,0x00000052b4600000) (1024K)]
  0x000001a4e166e790 JavaThread "Catalina-utility-1"                [_thread_blocked, id=12696, stack(0x00000052b5800000,0x00000052b5900000) (1024K)]
  0x000001a4e56cfa40 JavaThread "Catalina-utility-2"                [_thread_blocked, id=7844, stack(0x00000052b5900000,0x00000052b5a00000) (1024K)]
  0x000001a4e3bc9510 JavaThread "container-0"                       [_thread_blocked, id=17116, stack(0x00000052b5a00000,0x00000052b5b00000) (1024K)]
  0x000001a4e08d3840 JavaThread "PostgreSQL-JDBC-Cleaner"    daemon [_thread_blocked, id=7796, stack(0x00000052b5c00000,0x00000052b5d00000) (1024K)]
  0x000001a4e08d6630 JavaThread "HikariPool-1 housekeeper"   daemon [_thread_blocked, id=8556, stack(0x00000052b5d00000,0x00000052b5e00000) (1024K)]
  0x000001a4e7a31a30 JavaThread "http-nio-8080-Poller"       daemon [_thread_in_native, id=22380, stack(0x00000052b5600000,0x00000052b5700000) (1024K)]
  0x000001a4e7a32750 JavaThread "http-nio-8080-Acceptor"     daemon [_thread_in_native, id=13508, stack(0x00000052b5f00000,0x00000052b6000000) (1024K)]
  0x000001a4e7a2df20 JavaThread "DestroyJavaVM"                     [_thread_blocked, id=20760, stack(0x00000052b2f00000,0x00000052b3000000) (1024K)]
  0x000001a4e7a320c0 JavaThread "ForkJoinPool-1-worker-1"    daemon [_thread_blocked, id=13532, stack(0x00000052b4000000,0x00000052b4100000) (1024K)]
  0x000001a4e7a313a0 JavaThread "ForkJoinPool-1-worker-2"    daemon [_thread_blocked, id=12372, stack(0x00000052b4100000,0x00000052b4200000) (1024K)]
=>0x000001a4e7a2be50 JavaThread "ForkJoinPool-1-worker-3"    daemon [_thread_in_Java, id=14716, stack(0x00000052b4600000,0x00000052b4700000) (1024K)]
  0x000001a4e7a32de0 JavaThread "ForkJoinPool-1-worker-4"    daemon [_thread_blocked, id=17688, stack(0x00000052b4700000,0x00000052b4800000) (1024K)]
  0x000001a4e7a2f2d0 JavaThread "ForkJoinPool-1-worker-5"    daemon [_thread_blocked, id=18304, stack(0x00000052b5500000,0x00000052b5600000) (1024K)]
  0x000001a4e7a2f960 JavaThread "Read-Poller"                daemon [_thread_in_native, id=7876, stack(0x00000052b6100000,0x00000052b6200000) (1024K)]
  0x000001a4e7a2d890 JavaThread "Read-Updater"               daemon [_thread_blocked, id=12120, stack(0x00000052b6200000,0x00000052b6300000) (1024K)]
  0x000001a4e7a2cb70 JavaThread "Write-Poller"               daemon [_thread_in_native, id=16368, stack(0x00000052b6300000,0x00000052b6400000) (1024K)]
  0x000001a4e7a33470 JavaThread "Write-Updater"              daemon [_thread_blocked, id=21104, stack(0x00000052b6400000,0x00000052b6500000) (1024K)]
  0x000001a4e7a2c4e0 JavaThread "VirtualThread-unparker"     daemon [_thread_blocked, id=19824, stack(0x00000052b6500000,0x00000052b6600000) (1024K)]
  0x000001a4e7a2ec40 JavaThread "ForkJoinPool-1-worker-6"    daemon [_thread_blocked, id=17400, stack(0x00000052b2c00000,0x00000052b2d00000) (1024K)]
Total: 31

Other Threads:
  0x000001a4ffeac270 VMThread "VM Thread"                           [id=16756, stack(0x00000052b3600000,0x00000052b3700000) (1024K)] _threads_hazard_ptr=0x000001a4e72e1c20
  0x000001a4ffe95900 WatcherThread "VM Periodic Task Thread"        [id=7420, stack(0x00000052b3500000,0x00000052b3600000) (1024K)]
  0x000001a4fa21e840 WorkerThread "GC Thread#0"                     [id=11860, stack(0x00000052b3000000,0x00000052b3100000) (1024K)]
  0x000001a4dfa9ec10 WorkerThread "GC Thread#1"                     [id=22420, stack(0x00000052b4800000,0x00000052b4900000) (1024K)]
  0x000001a4dfa9efb0 WorkerThread "GC Thread#2"                     [id=14544, stack(0x00000052b4900000,0x00000052b4a00000) (1024K)]
  0x000001a4dfec0fd0 WorkerThread "GC Thread#3"                     [id=17332, stack(0x00000052b4a00000,0x00000052b4b00000) (1024K)]
  0x000001a4dfec1370 WorkerThread "GC Thread#4"                     [id=10716, stack(0x00000052b4b00000,0x00000052b4c00000) (1024K)]
  0x000001a4dfec1710 WorkerThread "GC Thread#5"                     [id=20016, stack(0x00000052b4c00000,0x00000052b4d00000) (1024K)]
  0x000001a4df8a5b90 WorkerThread "GC Thread#6"                     [id=2324, stack(0x00000052b4d00000,0x00000052b4e00000) (1024K)]
  0x000001a4df8a63b0 WorkerThread "GC Thread#7"                     [id=21772, stack(0x00000052b4e00000,0x00000052b4f00000) (1024K)]
  0x000001a4dfe00fd0 WorkerThread "GC Thread#8"                     [id=15248, stack(0x00000052b4f00000,0x00000052b5000000) (1024K)]
  0x000001a4dfe022b0 WorkerThread "GC Thread#9"                     [id=8488, stack(0x00000052b5000000,0x00000052b5100000) (1024K)]
  0x000001a4dfe01b70 WorkerThread "GC Thread#10"                    [id=14988, stack(0x00000052b5100000,0x00000052b5200000) (1024K)]
  0x000001a4dfe02650 WorkerThread "GC Thread#11"                    [id=17284, stack(0x00000052b5300000,0x00000052b5400000) (1024K)]
  0x000001a4dfe029f0 WorkerThread "GC Thread#12"                    [id=17956, stack(0x00000052b5400000,0x00000052b5500000) (1024K)]
  0x000001a4fa230f10 ConcurrentGCThread "G1 Main Marker"            [id=6384, stack(0x00000052b3100000,0x00000052b3200000) (1024K)]
  0x000001a4fa231bc0 WorkerThread "G1 Conc#0"                       [id=20792, stack(0x00000052b3200000,0x00000052b3300000) (1024K)]
  0x000001a4e0abe9e0 WorkerThread "G1 Conc#1"                       [id=15700, stack(0x00000052b5200000,0x00000052b5300000) (1024K)]
  0x000001a4e0ac06e0 WorkerThread "G1 Conc#2"                       [id=9928, stack(0x00000052b5700000,0x00000052b5800000) (1024K)]
  0x000001a4fa26e5f0 ConcurrentGCThread "G1 Refine#0"               [id=2492, stack(0x00000052b3300000,0x00000052b3400000) (1024K)]
  0x000001a4ffd582f0 ConcurrentGCThread "G1 Service"                [id=22192, stack(0x00000052b3400000,0x00000052b3500000) (1024K)]
Total: 21

Threads with active compile tasks:
C2 CompilerThread0   149326 8918       4       org.apache.tomcat.util.buf.MessageBytes::equalsIgnoreCase (78 bytes)
C1 CompilerThread0   149327 8910       3       org.apache.tomcat.util.buf.ByteChunk::<init> (15 bytes)
Total: 2

VM state: synchronizing (normal execution)

VM Mutex/Monitor currently owned by a thread:  ([mutex/lock_event])
[0x00007ff84674be98] Threads_lock - owner thread: 0x000001a4ffeac270

Heap address: 0x0000000701200000, size: 4078 MB, Compressed Oops mode: Zero based, Oop shift amount: 3

CDS archive(s) mapped at: [0x000001a49a000000-0x000001a49ac90000-0x000001a49ac90000), size 13172736, SharedBaseAddress: 0x000001a49a000000, ArchiveRelocationMode: 1.
Compressed class space mapped at: 0x000001a49b000000-0x000001a4db000000, reserved size: 1073741824
Narrow klass base: 0x000001a49a000000, Narrow klass shift: 0, Narrow klass range: 0x100000000

GC Precious Log:
 CardTable entry size: 512
 Card Set container configuration: InlinePtr #cards 4 size 8 Array Of Cards #cards 16 size 48 Howl #buckets 8 coarsen threshold 3686 Howl Bitmap #cards 512 size 80 coarsen threshold 460 Card regions per heap region 1 cards per card region 4096
 CPUs: 16 total, 16 available
 Memory: 16305M
 Large Page Support: Disabled
 NUMA Support: Disabled
 Compressed Oops: Enabled (Zero based)
 Heap Region Size: 2M
 Heap Min Capacity: 8M
 Heap Initial Capacity: 256M
 Heap Max Capacity: 4078M
 Pre-touch: Disabled
 Parallel Workers: 13
 Concurrent Workers: 3
 Concurrent Refinement Workers: 13
 Periodic GC: Disabled

Heap:
 garbage-first heap   total 90112K, used 37013K [0x0000000701200000, 0x0000000800000000)
  region size 2048K, 4 young (8192K), 2 survivors (4096K)
 Metaspace       used 79771K, committed 80640K, reserved 1179648K
  class space    used 10742K, committed 11136K, reserved 1048576K

Heap Regions: E=young(eden), S=young(survivor), O=old, HS=humongous(starts), HC=humongous(continues), CS=collection set, F=free, TAMS=top-at-mark-start, PB=parsable bottom
|   0|0x0000000701200000, 0x0000000701400000, 0x0000000701400000|100%| O|  |TAMS 0x0000000701200000| PB 0x0000000701200000| Untracked 
|   1|0x0000000701400000, 0x0000000701600000, 0x0000000701600000|100%| O|  |TAMS 0x0000000701400000| PB 0x0000000701400000| Untracked 
|   2|0x0000000701600000, 0x0000000701800000, 0x0000000701800000|100%| O|  |TAMS 0x0000000701600000| PB 0x0000000701600000| Untracked 
|   3|0x0000000701800000, 0x0000000701a00000, 0x0000000701a00000|100%| O|  |TAMS 0x0000000701800000| PB 0x0000000701800000| Untracked 
|   4|0x0000000701a00000, 0x0000000701c00000, 0x0000000701c00000|100%| O|  |TAMS 0x0000000701a00000| PB 0x0000000701a00000| Untracked 
|   5|0x0000000701c00000, 0x0000000701e00000, 0x0000000701e00000|100%| O|  |TAMS 0x0000000701c00000| PB 0x0000000701c00000| Untracked 
|   6|0x0000000701e00000, 0x0000000702000000, 0x0000000702000000|100%| O|  |TAMS 0x0000000701e00000| PB 0x0000000701e00000| Untracked 
|   7|0x0000000702000000, 0x0000000702200000, 0x0000000702200000|100%| O|  |TAMS 0x0000000702000000| PB 0x0000000702000000| Untracked 
|   8|0x0000000702200000, 0x0000000702400000, 0x0000000702400000|100%| O|  |TAMS 0x0000000702200000| PB 0x0000000702200000| Untracked 
|   9|0x0000000702400000, 0x0000000702600000, 0x0000000702600000|100%| O|  |TAMS 0x0000000702400000| PB 0x0000000702400000| Untracked 
|  10|0x0000000702600000, 0x0000000702800000, 0x0000000702800000|100%| O|  |TAMS 0x0000000702600000| PB 0x0000000702600000| Untracked 
|  11|0x0000000702800000, 0x0000000702a00000, 0x0000000702a00000|100%| O|  |TAMS 0x0000000702800000| PB 0x0000000702800000| Untracked 
|  12|0x0000000702a00000, 0x0000000702c00000, 0x0000000702c00000|100%| O|  |TAMS 0x0000000702a00000| PB 0x0000000702a00000| Untracked 
|  13|0x0000000702c00000, 0x0000000702e00000, 0x0000000702e00000|100%| O|  |TAMS 0x0000000702c00000| PB 0x0000000702c00000| Untracked 
|  14|0x0000000702e00000, 0x0000000703000000, 0x0000000703000000|100%| O|  |TAMS 0x0000000702e00000| PB 0x0000000702e00000| Untracked 
|  15|0x0000000703000000, 0x0000000703000000, 0x0000000703200000|  0%| F|  |TAMS 0x0000000703000000| PB 0x0000000703000000| Untracked 
|  16|0x0000000703200000, 0x0000000703200000, 0x0000000703400000|  0%| F|  |TAMS 0x0000000703200000| PB 0x0000000703200000| Untracked 
|  17|0x0000000703400000, 0x0000000703400000, 0x0000000703600000|  0%| F|  |TAMS 0x0000000703400000| PB 0x0000000703400000| Untracked 
|  18|0x0000000703600000, 0x0000000703600000, 0x0000000703800000|  0%| F|  |TAMS 0x0000000703600000| PB 0x0000000703600000| Untracked 
|  19|0x0000000703800000, 0x00000007039a9400, 0x0000000703a00000| 83%| O|  |TAMS 0x0000000703800000| PB 0x0000000703800000| Untracked 
|  20|0x0000000703a00000, 0x0000000703a00000, 0x0000000703c00000|  0%| F|  |TAMS 0x0000000703a00000| PB 0x0000000703a00000| Untracked 
|  21|0x0000000703c00000, 0x0000000703c00000, 0x0000000703e00000|  0%| F|  |TAMS 0x0000000703c00000| PB 0x0000000703c00000| Untracked 
|  22|0x0000000703e00000, 0x0000000703e7c3c8, 0x0000000704000000| 24%| S|CS|TAMS 0x0000000703e00000| PB 0x0000000703e00000| Complete 
|  23|0x0000000704000000, 0x0000000704200000, 0x0000000704200000|100%| S|CS|TAMS 0x0000000704000000| PB 0x0000000704000000| Complete 
|  24|0x0000000704200000, 0x0000000704200000, 0x0000000704400000|  0%| F|  |TAMS 0x0000000704200000| PB 0x0000000704200000| Untracked 
|  25|0x0000000704400000, 0x0000000704400000, 0x0000000704600000|  0%| F|  |TAMS 0x0000000704400000| PB 0x0000000704400000| Untracked 
|  26|0x0000000704600000, 0x0000000704600000, 0x0000000704800000|  0%| F|  |TAMS 0x0000000704600000| PB 0x0000000704600000| Untracked 
|  27|0x0000000704800000, 0x0000000704800000, 0x0000000704a00000|  0%| F|  |TAMS 0x0000000704800000| PB 0x0000000704800000| Untracked 
|  28|0x0000000704a00000, 0x0000000704a00000, 0x0000000704c00000|  0%| F|  |TAMS 0x0000000704a00000| PB 0x0000000704a00000| Untracked 
|  29|0x0000000704c00000, 0x0000000704c00000, 0x0000000704e00000|  0%| F|  |TAMS 0x0000000704c00000| PB 0x0000000704c00000| Untracked 
|  30|0x0000000704e00000, 0x0000000704e00000, 0x0000000705000000|  0%| F|  |TAMS 0x0000000704e00000| PB 0x0000000704e00000| Untracked 
|  31|0x0000000705000000, 0x0000000705000000, 0x0000000705200000|  0%| F|  |TAMS 0x0000000705000000| PB 0x0000000705000000| Untracked 
|  32|0x0000000705200000, 0x0000000705200000, 0x0000000705400000|  0%| F|  |TAMS 0x0000000705200000| PB 0x0000000705200000| Untracked 
|  33|0x0000000705400000, 0x0000000705400000, 0x0000000705600000|  0%| F|  |TAMS 0x0000000705400000| PB 0x0000000705400000| Untracked 
|  34|0x0000000705600000, 0x0000000705600000, 0x0000000705800000|  0%| F|  |TAMS 0x0000000705600000| PB 0x0000000705600000| Untracked 
|  35|0x0000000705800000, 0x0000000705800000, 0x0000000705a00000|  0%| F|  |TAMS 0x0000000705800000| PB 0x0000000705800000| Untracked 
|  36|0x0000000705a00000, 0x0000000705a00000, 0x0000000705c00000|  0%| F|  |TAMS 0x0000000705a00000| PB 0x0000000705a00000| Untracked 
|  37|0x0000000705c00000, 0x0000000705c00000, 0x0000000705e00000|  0%| F|  |TAMS 0x0000000705c00000| PB 0x0000000705c00000| Untracked 
|  38|0x0000000705e00000, 0x0000000705e00000, 0x0000000706000000|  0%| F|  |TAMS 0x0000000705e00000| PB 0x0000000705e00000| Untracked 
|  90|0x000000070c600000, 0x000000070c600000, 0x000000070c800000|  0%| F|  |TAMS 0x000000070c600000| PB 0x000000070c600000| Untracked 
|  91|0x000000070c800000, 0x000000070c800000, 0x000000070ca00000|  0%| F|  |TAMS 0x000000070c800000| PB 0x000000070c800000| Untracked 
|  92|0x000000070ca00000, 0x000000070ca00000, 0x000000070cc00000|  0%| F|  |TAMS 0x000000070ca00000| PB 0x000000070ca00000| Untracked 
|  93|0x000000070cc00000, 0x000000070cc6d1e0, 0x000000070ce00000| 21%| E|  |TAMS 0x000000070cc00000| PB 0x000000070cc00000| Complete 
| 127|0x0000000711000000, 0x0000000711200000, 0x0000000711200000|100%| E|CS|TAMS 0x0000000711000000| PB 0x0000000711000000| Complete 

Card table byte_map: [0x000001a4fb2f0000,0x000001a4fbaf0000] _byte_map_base: 0x000001a4f7ae7000

Marking Bits: (CMBitMap*) 0x000001a4fa21f750
 Bits: [0x000001a4fbaf0000, 0x000001a4ffaa8000)

Polling page: 0x000001a4f7fa0000

Metaspace:

Usage:
  Non-class:     67.41 MB used.
      Class:     10.49 MB used.
       Both:     77.90 MB used.

Virtual space:
  Non-class space:      128.00 MB reserved,      67.88 MB ( 53%) committed,  2 nodes.
      Class space:        1.00 GB reserved,      10.88 MB (  1%) committed,  1 nodes.
             Both:        1.12 GB reserved,      78.75 MB (  7%) committed. 

Chunk freelists:
   Non-Class:  11.91 MB
       Class:  5.03 MB
        Both:  16.94 MB

MaxMetaspaceSize: unlimited
CompressedClassSpaceSize: 1.00 GB
Initial GC threshold: 21.00 MB
Current GC threshold: 98.38 MB
CDS: on
 - commit_granule_bytes: 65536.
 - commit_granule_words: 8192.
 - virtual_space_node_default_size: 8388608.
 - enlarge_chunks_in_place: 1.
 - use_allocation_guard: 0.


Internal statistics:

num_allocs_failed_limit: 9.
num_arena_births: 1196.
num_arena_deaths: 0.
num_vsnodes_births: 3.
num_vsnodes_deaths: 0.
num_space_committed: 1260.
num_space_uncommitted: 0.
num_chunks_returned_to_freelist: 9.
num_chunks_taken_from_freelist: 4172.
num_chunk_merges: 9.
num_chunk_splits: 2969.
num_chunks_enlarged: 2275.
num_inconsistent_stats: 0.

CodeHeap 'non-profiled nmethods': size=119168Kb used=6867Kb max_used=6867Kb free=112300Kb
 bounds [0x000001a48ff60000, 0x000001a490620000, 0x000001a4973c0000]
CodeHeap 'profiled nmethods': size=119104Kb used=16369Kb max_used=16369Kb free=102734Kb
 bounds [0x000001a4883c0000, 0x000001a4893c0000, 0x000001a48f810000]
CodeHeap 'non-nmethods': size=7488Kb used=1784Kb max_used=3541Kb free=5703Kb
 bounds [0x000001a48f810000, 0x000001a48fb90000, 0x000001a48ff60000]
 total_blobs=8940 nmethods=8195 adapters=648
 compilation: enabled
              stopped_count=0, restarted_count=0
 full_count=0

Compilation events (20 events):
Event: 149.297 Thread 0x000001a4df00f680 8899       3       java.util.concurrent.ScheduledThreadPoolExecutor$ScheduledFutureTask::compareTo (9 bytes)
Event: 149.298 Thread 0x000001a4df00f680 nmethod 8899 0x000001a4893b8010 code [0x000001a4893b81c0, 0x000001a4893b8428]
Event: 149.298 Thread 0x000001a4df00f680 8903       3       java.time.LocalDateTime::getLong (47 bytes)
Event: 149.298 Thread 0x000001a4df008b50 8902       4       java.util.concurrent.locks.AbstractQueuedSynchronizer::release (19 bytes)
Event: 149.298 Thread 0x000001a4df00f680 nmethod 8903 0x000001a4893b8510 code [0x000001a4893b8720, 0x000001a4893b8d48]
Event: 149.298 Thread 0x000001a4df00f680 8898       3       java.util.concurrent.ScheduledThreadPoolExecutor$ScheduledFutureTask::compareTo (101 bytes)
Event: 149.298 Thread 0x000001a4df00f680 nmethod 8898 0x000001a4893b8f10 code [0x000001a4893b9120, 0x000001a4893b9888]
Event: 149.298 Thread 0x000001a4df00f680 8900       3       java.util.concurrent.ThreadPoolExecutor::isShutdown (12 bytes)
Event: 149.298 Thread 0x000001a4df00f680 nmethod 8900 0x000001a4893b9a10 code [0x000001a4893b9bc0, 0x000001a4893b9da8]
Event: 149.298 Thread 0x000001a4df00f680 8905       3       java.util.concurrent.ScheduledThreadPoolExecutor::canRunInCurrentRunState (61 bytes)
Event: 149.298 Thread 0x000001a4df00f680 nmethod 8905 0x000001a4893b9e90 code [0x000001a4893ba0a0, 0x000001a4893ba878]
Event: 149.298 Thread 0x000001a4df00f680 8906       3       java.util.concurrent.ThreadPoolExecutor::workerCountOf (5 bytes)
Event: 149.299 Thread 0x000001a4df00f680 nmethod 8906 0x000001a4893bab10 code [0x000001a4893baca0, 0x000001a4893bad98]
Event: 149.299 Thread 0x000001a4df00f680 8901       1       com.intellij.rt.debugger.agent.CaptureStorage$HardKey::hashCode (5 bytes)
Event: 149.299 Thread 0x000001a4df00f680 nmethod 8901 0x000001a490614290 code [0x000001a490614420, 0x000001a4906144e8]
Event: 149.299 Thread 0x000001a4df00f680 8907       1       java.util.concurrent.ThreadPoolExecutor::getQueue (5 bytes)
Event: 149.299 Thread 0x000001a4df00f680 nmethod 8907 0x000001a490614590 code [0x000001a490614720, 0x000001a4906147f0]
Event: 149.299 Thread 0x000001a4df00f680 8908       3       java.util.concurrent.locks.AbstractQueuedSynchronizer$ConditionObject::signal (34 bytes)
Event: 149.299 Thread 0x000001a4df00f680 nmethod 8908 0x000001a4893bae10 code [0x000001a4893bafe0, 0x000001a4893bb350]
Event: 149.299 Thread 0x000001a4df00f680 8904       3       java.util.concurrent.atomic.AtomicReference::compareAndSet (10 bytes)

GC Heap History (20 events):
Event: 2.096 GC heap before
{Heap before GC invocations=4 (full 0):
 garbage-first heap   total 61440K, used 59148K [0x0000000701200000, 0x0000000800000000)
  region size 2048K, 26 young (53248K), 4 survivors (8192K)
 Metaspace       used 28026K, committed 28480K, reserved 1114112K
  class space    used 3438K, committed 3648K, reserved 1048576K
}
Event: 2.102 GC heap after
{Heap after GC invocations=5 (full 0):
 garbage-first heap   total 73728K, used 18044K [0x0000000701200000, 0x0000000800000000)
  region size 2048K, 6 young (12288K), 6 survivors (12288K)
 Metaspace       used 28026K, committed 28480K, reserved 1114112K
  class space    used 3438K, committed 3648K, reserved 1048576K
}
Event: 2.466 GC heap before
{Heap before GC invocations=5 (full 0):
 garbage-first heap   total 73728K, used 46716K [0x0000000701200000, 0x0000000800000000)
  region size 2048K, 21 young (43008K), 6 survivors (12288K)
 Metaspace       used 33371K, committed 33920K, reserved 1114112K
  class space    used 4104K, committed 4352K, reserved 1048576K
}
Event: 2.471 GC heap after
{Heap after GC invocations=6 (full 0):
 garbage-first heap   total 73728K, used 20037K [0x0000000701200000, 0x0000000800000000)
  region size 2048K, 2 young (4096K), 2 survivors (4096K)
 Metaspace       used 33371K, committed 33920K, reserved 1114112K
  class space    used 4104K, committed 4352K, reserved 1048576K
}
Event: 2.571 GC heap before
{Heap before GC invocations=6 (full 0):
 garbage-first heap   total 73728K, used 28229K [0x0000000701200000, 0x0000000800000000)
  region size 2048K, 7 young (14336K), 2 survivors (4096K)
 Metaspace       used 35407K, committed 35968K, reserved 1114112K
  class space    used 4413K, committed 4672K, reserved 1048576K
}
Event: 2.572 GC heap after
{Heap after GC invocations=7 (full 0):
 garbage-first heap   total 73728K, used 19599K [0x0000000701200000, 0x0000000800000000)
  region size 2048K, 2 young (4096K), 2 survivors (4096K)
 Metaspace       used 35407K, committed 35968K, reserved 1114112K
  class space    used 4413K, committed 4672K, reserved 1048576K
}
Event: 3.088 GC heap before
{Heap before GC invocations=8 (full 0):
 garbage-first heap   total 73728K, used 56463K [0x0000000701200000, 0x0000000800000000)
  region size 2048K, 21 young (43008K), 2 survivors (4096K)
 Metaspace       used 44307K, committed 44928K, reserved 1114112K
  class space    used 5671K, committed 5952K, reserved 1048576K
}
Event: 3.090 GC heap after
{Heap after GC invocations=9 (full 0):
 garbage-first heap   total 90112K, used 21580K [0x0000000701200000, 0x0000000800000000)
  region size 2048K, 3 young (6144K), 3 survivors (6144K)
 Metaspace       used 44307K, committed 44928K, reserved 1114112K
  class space    used 5671K, committed 5952K, reserved 1048576K
}
Event: 3.580 GC heap before
{Heap before GC invocations=9 (full 0):
 garbage-first heap   total 90112K, used 66636K [0x0000000701200000, 0x0000000800000000)
  region size 2048K, 26 young (53248K), 3 survivors (6144K)
 Metaspace       used 54090K, committed 54720K, reserved 1114112K
  class space    used 7077K, committed 7360K, reserved 1048576K
}
Event: 3.583 GC heap after
{Heap after GC invocations=10 (full 0):
 garbage-first heap   total 90112K, used 23628K [0x0000000701200000, 0x0000000800000000)
  region size 2048K, 4 young (8192K), 4 survivors (8192K)
 Metaspace       used 54090K, committed 54720K, reserved 1114112K
  class space    used 7077K, committed 7360K, reserved 1048576K
}
Event: 4.137 GC heap before
{Heap before GC invocations=10 (full 0):
 garbage-first heap   total 90112K, used 50252K [0x0000000701200000, 0x0000000800000000)
  region size 2048K, 19 young (38912K), 4 survivors (8192K)
 Metaspace       used 59585K, committed 60288K, reserved 1114112K
  class space    used 7795K, committed 8128K, reserved 1048576K
}
Event: 4.141 GC heap after
{Heap after GC invocations=11 (full 0):
 garbage-first heap   total 90112K, used 25437K [0x0000000701200000, 0x0000000800000000)
  region size 2048K, 3 young (6144K), 3 survivors (6144K)
 Metaspace       used 59585K, committed 60288K, reserved 1114112K
  class space    used 7795K, committed 8128K, reserved 1048576K
}
Event: 4.728 GC heap before
{Heap before GC invocations=12 (full 0):
 garbage-first heap   total 90112K, used 72541K [0x0000000701200000, 0x0000000800000000)
  region size 2048K, 26 young (53248K), 3 survivors (6144K)
 Metaspace       used 64573K, committed 65280K, reserved 1114112K
  class space    used 8798K, committed 9088K, reserved 1048576K
}
Event: 4.732 GC heap after
{Heap after GC invocations=13 (full 0):
 garbage-first heap   total 90112K, used 28881K [0x0000000701200000, 0x0000000800000000)
  region size 2048K, 4 young (8192K), 4 survivors (8192K)
 Metaspace       used 64573K, committed 65280K, reserved 1114112K
  class space    used 8798K, committed 9088K, reserved 1048576K
}
Event: 5.027 GC heap before
{Heap before GC invocations=13 (full 0):
 garbage-first heap   total 90112K, used 71889K [0x0000000701200000, 0x0000000800000000)
  region size 2048K, 26 young (53248K), 4 survivors (8192K)
 Metaspace       used 67256K, committed 67968K, reserved 1114112K
  class space    used 9126K, committed 9472K, reserved 1048576K
}
Event: 5.030 GC heap after
{Heap after GC invocations=14 (full 0):
 garbage-first heap   total 90112K, used 29509K [0x0000000701200000, 0x0000000800000000)
  region size 2048K, 3 young (6144K), 3 survivors (6144K)
 Metaspace       used 67256K, committed 67968K, reserved 1114112K
  class space    used 9126K, committed 9472K, reserved 1048576K
}
Event: 6.054 GC heap before
{Heap before GC invocations=14 (full 0):
 garbage-first heap   total 90112K, used 74565K [0x0000000701200000, 0x0000000800000000)
  region size 2048K, 25 young (51200K), 3 survivors (6144K)
 Metaspace       used 73392K, committed 74176K, reserved 1114112K
  class space    used 9931K, committed 10304K, reserved 1048576K
}
Event: 6.057 GC heap after
{Heap after GC invocations=15 (full 0):
 garbage-first heap   total 90112K, used 33087K [0x0000000701200000, 0x0000000800000000)
  region size 2048K, 4 young (8192K), 4 survivors (8192K)
 Metaspace       used 73392K, committed 74176K, reserved 1114112K
  class space    used 9931K, committed 10304K, reserved 1048576K
}
Event: 34.299 GC heap before
{Heap before GC invocations=15 (full 0):
 garbage-first heap   total 90112K, used 71999K [0x0000000701200000, 0x0000000800000000)
  region size 2048K, 24 young (49152K), 4 survivors (8192K)
 Metaspace       used 79547K, committed 80384K, reserved 1179648K
  class space    used 10714K, committed 11136K, reserved 1048576K
}
Event: 34.303 GC heap after
{Heap after GC invocations=16 (full 0):
 garbage-first heap   total 90112K, used 34965K [0x0000000701200000, 0x0000000800000000)
  region size 2048K, 2 young (4096K), 2 survivors (4096K)
 Metaspace       used 79547K, committed 80384K, reserved 1179648K
  class space    used 10714K, committed 11136K, reserved 1048576K
}

Dll operation events (13 events):
Event: 0.010 Loaded shared library C:\Users\shaya\Downloads\jdk-21_windows-x64_bin\jdk-21.0.5\bin\java.dll
Event: 0.011 Loaded shared library C:\Users\shaya\Downloads\jdk-21_windows-x64_bin\jdk-21.0.5\bin\zip.dll
Event: 0.028 Loaded shared library C:\Users\shaya\Downloads\jdk-21_windows-x64_bin\jdk-21.0.5\bin\jsvml.dll
Event: 0.324 Loaded shared library C:\Users\shaya\Downloads\jdk-21_windows-x64_bin\jdk-21.0.5\bin\instrument.dll
Event: 0.348 Loaded shared library C:\Users\shaya\Downloads\jdk-21_windows-x64_bin\jdk-21.0.5\bin\net.dll
Event: 0.349 Loaded shared library C:\Users\shaya\Downloads\jdk-21_windows-x64_bin\jdk-21.0.5\bin\nio.dll
Event: 0.355 Loaded shared library C:\Users\shaya\Downloads\jdk-21_windows-x64_bin\jdk-21.0.5\bin\zip.dll
Event: 0.424 Loaded shared library C:\Users\shaya\Downloads\jdk-21_windows-x64_bin\jdk-21.0.5\bin\jimage.dll
Event: 1.117 Loaded shared library C:\Users\shaya\Downloads\jdk-21_windows-x64_bin\jdk-21.0.5\bin\sunmscapi.dll
Event: 2.193 Loaded shared library C:\Users\shaya\Downloads\jdk-21_windows-x64_bin\jdk-21.0.5\bin\management.dll
Event: 2.194 Loaded shared library C:\Users\shaya\Downloads\jdk-21_windows-x64_bin\jdk-21.0.5\bin\management_ext.dll
Event: 2.559 Loaded shared library C:\Users\shaya\Downloads\jdk-21_windows-x64_bin\jdk-21.0.5\bin\verify.dll
Event: 2.763 Loaded shared library C:\Users\shaya\Downloads\jdk-21_windows-x64_bin\jdk-21.0.5\bin\extnet.dll

Deoptimization events (20 events):
Event: 34.285 Thread 0x000001a4e7a2be50 Uncommon trap: trap_request=0xffffffde fr.pc=0x000001a490066474 relative=0x0000000000001114
Event: 34.285 Thread 0x000001a4e7a2be50 Uncommon trap: reason=class_check action=maybe_recompile pc=0x000001a490066474 method=java.io.BufferedInputStream.implRead([BII)I @ 100 c2
Event: 34.285 Thread 0x000001a4e7a2be50 DEOPT PACKING pc=0x000001a490066474 sp=0x00000052b46fe480
Event: 34.285 Thread 0x000001a4e7a2be50 DEOPT UNPACKING pc=0x000001a48f8646a2 sp=0x00000052b46fe408 mode 2
Event: 34.287 Thread 0x000001a4e7a2be50 DEOPT PACKING pc=0x000001a488aaf0b4 sp=0x00000052b46fe110
Event: 34.287 Thread 0x000001a4e7a2be50 DEOPT UNPACKING pc=0x000001a48f864e42 sp=0x00000052b46fd660 mode 1
Event: 34.287 Thread 0x000001a4e7a2be50 DEOPT PACKING pc=0x000001a488cd78f4 sp=0x00000052b46fe220
Event: 34.287 Thread 0x000001a4e7a2be50 DEOPT UNPACKING pc=0x000001a48f864e42 sp=0x00000052b46fd6f0 mode 1
Event: 34.293 Thread 0x000001a4e7a2be50 DEOPT PACKING pc=0x000001a490160dd0 sp=0x00000052b46fc030
Event: 34.293 Thread 0x000001a4e7a2be50 DEOPT UNPACKING pc=0x000001a48f864e42 sp=0x00000052b46fb440 mode 1
Event: 34.293 Thread 0x000001a4e7a2be50 DEOPT PACKING pc=0x000001a490160dd0 sp=0x00000052b46fc030
Event: 34.293 Thread 0x000001a4e7a2be50 DEOPT UNPACKING pc=0x000001a48f864e42 sp=0x00000052b46fb440 mode 1
Event: 34.299 Thread 0x000001a4e7a2be50 DEOPT PACKING pc=0x000001a490160dd0 sp=0x00000052b46fd170
Event: 34.299 Thread 0x000001a4e7a2be50 DEOPT UNPACKING pc=0x000001a48f864e42 sp=0x00000052b46fc580 mode 1
Event: 34.299 Thread 0x000001a4e7a2be50 DEOPT PACKING pc=0x000001a490160dd0 sp=0x00000052b46fd170
Event: 34.299 Thread 0x000001a4e7a2be50 DEOPT UNPACKING pc=0x000001a48f864e42 sp=0x00000052b46fc580 mode 1
Event: 45.040 Thread 0x000001a4e7a2be50 DEOPT PACKING pc=0x000001a490603d34 sp=0x00000052b46ff040
Event: 45.040 Thread 0x000001a4e7a2be50 DEOPT UNPACKING pc=0x000001a48f864e42 sp=0x00000052b46fe4d8 mode 0
Event: 95.975 Thread 0x000001a4e7a2be50 DEOPT PACKING pc=0x000001a4891796ec sp=0x00000052b46fec50
Event: 95.975 Thread 0x000001a4e7a2be50 DEOPT UNPACKING pc=0x000001a48f864e42 sp=0x00000052b46fe0f8 mode 0

Classes loaded (20 events):
Event: 51.240 Loading class org/hibernate/dialect/lock/PessimisticEntityLockException
Event: 51.240 Loading class org/hibernate/dialect/lock/PessimisticEntityLockException done
Event: 51.241 Loading class jakarta/persistence/PessimisticLockException
Event: 51.241 Loading class jakarta/persistence/PessimisticLockException done
Event: 51.242 Loading class org/hibernate/internal/EntityManagerMessageLogger_$logger_pl_PL
Event: 51.242 Loading class org/hibernate/internal/EntityManagerMessageLogger_$logger_pl_PL done
Event: 51.243 Loading class org/hibernate/internal/EntityManagerMessageLogger_$logger_pl
Event: 51.243 Loading class org/hibernate/internal/EntityManagerMessageLogger_$logger_pl done
Event: 51.246 Loading class org/springframework/dao/support/ChainedPersistenceExceptionTranslator
Event: 51.246 Loading class org/springframework/dao/support/ChainedPersistenceExceptionTranslator done
Event: 51.252 Loading class org/springframework/dao/support/ChainedPersistenceExceptionTranslator
Event: 51.252 Loading class org/springframework/dao/support/ChainedPersistenceExceptionTranslator done
Event: 51.252 Loading class org/springframework/dao/support/PersistenceExceptionTranslator
Event: 51.252 Loading class org/springframework/dao/support/PersistenceExceptionTranslator done
Event: 51.252 Loading class org/springframework/dao/support/PersistenceExceptionTranslator
Event: 51.252 Loading class org/springframework/dao/support/PersistenceExceptionTranslator done
Event: 51.253 Loading class org/springframework/dao/support/DataAccessUtils
Event: 51.253 Loading class org/springframework/dao/support/DataAccessUtils done
Event: 51.255 Loading class org/springframework/dao/TypeMismatchDataAccessException
Event: 51.255 Loading class org/springframework/dao/TypeMismatchDataAccessException done

Classes unloaded (0 events):
No events

Classes redefined (0 events):
No events

Internal exceptions (20 events):
Event: 5.040 Thread 0x000001a4fa1b2020 Exception <a 'java/lang/NoSuchMethodError'{0x000000071106c048}: 'int java.lang.invoke.DirectMethodHandle$Holder.invokeStaticInit(java.lang.Object, int, java.lang.Object, java.lang.Object, java.lang.Object, java.lang.Object)'> (0x000000071106c048) 
thrown [s\open\src\hotspot\share\interpreter\linkResolver.cpp, line 773]
Event: 5.108 Thread 0x000001a4fa1b2020 Exception <a 'java/lang/IncompatibleClassChangeError'{0x000000070cd6b558}: Found class java.lang.Object, but interface was expected> (0x000000070cd6b558) 
thrown [s\open\src\hotspot\share\interpreter\linkResolver.cpp, line 840]
Event: 5.162 Thread 0x000001a4fa1b2020 Exception <a 'java/lang/NoSuchMethodError'{0x000000070cb2b198}: 'int java.lang.invoke.DirectMethodHandle$Holder.invokeStatic(java.lang.Object, java.lang.Object, int, int)'> (0x000000070cb2b198) 
thrown [s\open\src\hotspot\share\interpreter\linkResolver.cpp, line 773]
Event: 5.181 Thread 0x000001a4fa1b2020 Exception <a 'java/lang/NoSuchMethodError'{0x000000070cbdbdc0}: 'java.lang.Object java.lang.invoke.DirectMethodHandle$Holder.invokeInterface(java.lang.Object, java.lang.Object, java.lang.Object, java.lang.Object)'> (0x000000070cbdbdc0) 
thrown [s\open\src\hotspot\share\interpreter\linkResolver.cpp, line 773]
Event: 5.481 Thread 0x000001a4fa1b2020 Exception <a 'java/lang/NoSuchMethodError'{0x0000000705d6ce80}: 'java.lang.Object java.lang.invoke.DirectMethodHandle$Holder.newInvokeSpecial(java.lang.Object, java.lang.Object, java.lang.Object, java.lang.Object, java.lang.Object, java.lang.Object, java.lang.Object, java.lang.Object)'> (0x0000000705d6ce80) 
thrown [s\open\src\hotspot\share\interpreter\linkResolver.cpp, line 773]
Event: 5.727 Thread 0x000001a4fa1b2020 Exception <a 'sun/nio/fs/WindowsException'{0x0000000704e4fed0}> (0x0000000704e4fed0) 
thrown [s\open\src\hotspot\share\prims\jni.cpp, line 520]
Event: 5.731 Thread 0x000001a4fa1b2020 Exception <a 'sun/nio/fs/WindowsException'{0x0000000704ea1a18}> (0x0000000704ea1a18) 
thrown [s\open\src\hotspot\share\prims\jni.cpp, line 520]
Event: 5.761 Thread 0x000001a4fa1b2020 Exception <a 'java/lang/IncompatibleClassChangeError'{0x0000000704d35668}: Found class java.lang.Object, but interface was expected> (0x0000000704d35668) 
thrown [s\open\src\hotspot\share\interpreter\linkResolver.cpp, line 840]
Event: 5.911 Thread 0x000001a4fa1b2020 Exception <a 'java/lang/NoSuchMethodError'{0x00000007044a2a00}: 'void java.lang.invoke.DirectMethodHandle$Holder.invokeVirtual(java.lang.Object, java.lang.Object, long)'> (0x00000007044a2a00) 
thrown [s\open\src\hotspot\share\interpreter\linkResolver.cpp, line 773]
Event: 6.012 Thread 0x000001a4fa1b2020 Exception <a 'java/lang/NoSuchMethodError'{0x0000000703e06a48}: 'java.lang.Object java.lang.invoke.Invokers$Holder.invoke_MT(java.lang.Object, java.lang.Object, java.lang.Object, java.lang.Object, java.lang.Object, java.lang.Object, java.lang.Object, java.lang.Object, java.lang.Object)'> (0x0000000703e06a48) 
thrown [s\open\src\hotspot\share\interpreter\linkResolver.cpp, line 773]
Event: 6.041 Thread 0x000001a4fa1b2020 Exception <a 'java/lang/NoSuchMethodError'{0x0000000703f5a758}: 'java.lang.Object java.lang.invoke.Invokers$Holder.invoke_MT(java.lang.Object, java.lang.Object, java.lang.Object, java.lang.Object, java.lang.Object, java.lang.Object, java.lang.Object, java.lang.Object, java.lang.Object, java.lang.Object, java.lang.Object)'> (0x0000000703f5a758) 
thrown [s\open\src\hotspot\share\interpreter\linkResolver.cpp, line 773]
Event: 6.098 Thread 0x000001a4fa1b2020 Exception <a 'java/lang/NoSuchMethodError'{0x000000070cc2d338}: 'java.lang.Object java.lang.invoke.DirectMethodHandle$Holder.newInvokeSpecial(java.lang.Object, java.lang.Object, int, java.lang.Object, java.lang.Object)'> (0x000000070cc2d338) 
thrown [s\open\src\hotspot\share\interpreter\linkResolver.cpp, line 773]
Event: 6.149 Thread 0x000001a4fa1b2020 Exception <a 'java/lang/NoSuchMethodError'{0x000000070cdac518}: 'long java.lang.invoke.DelegatingMethodHandle$Holder.reinvoke_L(java.lang.Object, java.lang.Object)'> (0x000000070cdac518) 
thrown [s\open\src\hotspot\share\interpreter\linkResolver.cpp, line 773]
Event: 6.179 Thread 0x000001a4fa1b2020 Exception <a 'java/lang/IncompatibleClassChangeError'{0x0000000705cb36d0}: Found class java.lang.Object, but interface was expected> (0x0000000705cb36d0) 
thrown [s\open\src\hotspot\share\interpreter\linkResolver.cpp, line 840]
Event: 12.357 Thread 0x000001a4e7a320c0 Exception <a 'java/lang/NoSuchMethodError'{0x00000007056193d0}: 'java.lang.Object java.lang.invoke.DirectMethodHandle$Holder.invokeSpecial(java.lang.Object, java.lang.Object, java.lang.Object, java.lang.Object, java.lang.Object, long)'> (0x00000007056193d0) 
thrown [s\open\src\hotspot\share\interpreter\linkResolver.cpp, line 773]
Event: 12.358 Thread 0x000001a4e7a320c0 Exception <a 'java/lang/NoSuchMethodError'{0x000000070561cba0}: 'java.lang.Object java.lang.invoke.Invokers$Holder.linkToTargetMethod(java.lang.Object, java.lang.Object, java.lang.Object, long, java.lang.Object)'> (0x000000070561cba0) 
thrown [s\open\src\hotspot\share\interpreter\linkResolver.cpp, line 773]
Event: 23.316 Thread 0x000001a4e7a320c0 Exception <a 'java/lang/NoSuchMethodError'{0x00000007052d4540}: 'java.lang.Object java.lang.invoke.DirectMethodHandle$Holder.invokeStatic(java.lang.Object, int, int)'> (0x00000007052d4540) 
thrown [s\open\src\hotspot\share\interpreter\linkResolver.cpp, line 773]
Event: 23.439 Thread 0x000001a4e7a320c0 Exception <a 'java/lang/NoSuchMethodError'{0x0000000704a21230}: 'void java.lang.invoke.DirectMethodHandle$Holder.invokeSpecialIFC(java.lang.Object, java.lang.Object, int, java.lang.Object, java.lang.Object, java.lang.Object, java.lang.Object)'> (0x0000000704a21230) 
thrown [s\open\src\hotspot\share\interpreter\linkResolver.cpp, line 773]
Event: 34.293 Thread 0x000001a4e7a2be50 Exception <a 'java/lang/NoSuchMethodError'{0x00000007043c78c8}: 'void java.lang.invoke.Invokers$Holder.invokeExact_MT(java.lang.Object, java.lang.Object, int, java.lang.Object)'> (0x00000007043c78c8) 
thrown [s\open\src\hotspot\share\interpreter\linkResolver.cpp, line 773]
Event: 34.308 Thread 0x000001a4e7a2be50 Exception <a 'java/lang/IncompatibleClassChangeError'{0x0000000711024630}: Found class java.lang.Object, but interface was expected> (0x0000000711024630) 
thrown [s\open\src\hotspot\share\interpreter\linkResolver.cpp, line 840]

ZGC Phase Switch (0 events):
No events

VM Operations (20 events):
Event: 92.696 Executing VM operation: virtual thread get/set locals
Event: 92.696 Executing VM operation: virtual thread get/set locals done
Event: 92.719 Executing VM operation: virtual thread get/set locals
Event: 92.719 Executing VM operation: virtual thread get/set locals done
Event: 92.720 Executing VM operation: virtual thread get/set locals
Event: 92.720 Executing VM operation: virtual thread get/set locals done
Event: 92.720 Executing VM operation: virtual thread get/set locals
Event: 92.720 Executing VM operation: virtual thread get/set locals done
Event: 95.974 Executing VM operation: ChangeSingleStep
Event: 95.974 Executing VM operation: ChangeSingleStep done
Event: 95.975 Executing VM operation: ChangeSingleStep
Event: 95.975 Executing VM operation: ChangeSingleStep done
Event: 96.074 Executing VM operation: virtual thread get/set locals
Event: 96.074 Executing VM operation: virtual thread get/set locals done
Event: 96.074 Executing VM operation: virtual thread get/set locals
Event: 96.074 Executing VM operation: virtual thread get/set locals done
Event: 96.074 Executing VM operation: virtual thread get/set locals
Event: 96.074 Executing VM operation: virtual thread get/set locals done
Event: 96.105 Executing VM operation: virtual thread get/set locals
Event: 96.105 Executing VM operation: virtual thread get/set locals done

Events (20 events):
Event: 17.061 Thread 0x000001a4e07e0c00 Thread exited: 0x000001a4e07e0c00
Event: 17.061 Thread 0x000001a4df462c10 Thread exited: 0x000001a4df462c10
Event: 17.061 Thread 0x000001a4e086cd70 Thread exited: 0x000001a4e086cd70
Event: 18.134 Thread 0x000001a4e04a6510 Thread exited: 0x000001a4e04a6510
Event: 23.319 Thread 0x000001a4e04a6510 Thread added: 0x000001a4e04a6510
Event: 23.415 Thread 0x000001a4e086cd70 Thread added: 0x000001a4e086cd70
Event: 23.445 Thread 0x000001a4e7a2f960 Thread added: 0x000001a4e7a2f960
Event: 23.446 Thread 0x000001a4e7a2d890 Thread added: 0x000001a4e7a2d890
Event: 23.446 Thread 0x000001a4e7a2cb70 Thread added: 0x000001a4e7a2cb70
Event: 23.446 Thread 0x000001a4e7a33470 Thread added: 0x000001a4e7a33470
Event: 23.447 Thread 0x000001a4e7a2c4e0 Thread added: 0x000001a4e7a2c4e0
Event: 24.114 Thread 0x000001a4e086cd70 Thread exited: 0x000001a4e086cd70
Event: 24.114 Thread 0x000001a4e04a6510 Thread exited: 0x000001a4e04a6510
Event: 24.116 Thread 0x000001a4e04a6510 Thread added: 0x000001a4e04a6510
Event: 29.177 Thread 0x000001a4e04a6510 Thread exited: 0x000001a4e04a6510
Event: 33.329 Thread 0x000001a4e04a6510 Thread added: 0x000001a4e04a6510
Event: 34.284 Thread 0x000001a4e04a6510 Thread exited: 0x000001a4e04a6510
Event: 34.316 Thread 0x000001a4ea35b320 Thread added: 0x000001a4ea35b320
Event: 34.964 Thread 0x000001a4ea35b320 Thread exited: 0x000001a4ea35b320
Event: 149.298 Thread 0x000001a4e7a2ec40 Thread added: 0x000001a4e7a2ec40


Dynamic libraries:
0x00007ff7ccea0000 - 0x00007ff7cceb0000 	C:\Users\shaya\Downloads\jdk-21_windows-x64_bin\jdk-21.0.5\bin\java.exe
0x00007ff922a10000 - 0x00007ff922c27000 	C:\WINDOWS\SYSTEM32\ntdll.dll
0x00007ff921ae0000 - 0x00007ff921ba4000 	C:\WINDOWS\System32\KERNEL32.DLL
0x00007ff91ff60000 - 0x00007ff92031a000 	C:\WINDOWS\System32\KERNELBASE.dll
0x00007ff91fe40000 - 0x00007ff91ff51000 	C:\WINDOWS\System32\ucrtbase.dll
0x00007ff903e50000 - 0x00007ff903e69000 	C:\Users\shaya\Downloads\jdk-21_windows-x64_bin\jdk-21.0.5\bin\jli.dll
0x00007ff903e30000 - 0x00007ff903e4b000 	C:\Users\shaya\Downloads\jdk-21_windows-x64_bin\jdk-21.0.5\bin\VCRUNTIME140.dll
0x00007ff9221b0000 - 0x00007ff922262000 	C:\WINDOWS\System32\ADVAPI32.dll
0x00007ff921bb0000 - 0x00007ff921c57000 	C:\WINDOWS\System32\msvcrt.dll
0x00007ff9219c0000 - 0x00007ff921a67000 	C:\WINDOWS\System32\sechost.dll
0x00007ff91fe10000 - 0x00007ff91fe38000 	C:\WINDOWS\System32\bcrypt.dll
0x00007ff920f80000 - 0x00007ff921094000 	C:\WINDOWS\System32\RPCRT4.dll
0x00007ff921c60000 - 0x00007ff921e0e000 	C:\WINDOWS\System32\USER32.dll
0x00007ff920490000 - 0x00007ff9204b6000 	C:\WINDOWS\System32\win32u.dll
0x00007ff8ef9d0000 - 0x00007ff8efc62000 	C:\WINDOWS\WinSxS\amd64_microsoft.windows.common-controls_6595b64144ccf1df_6.0.22621.4541_none_2710d1c57384c085\COMCTL32.dll
0x00007ff920f50000 - 0x00007ff920f79000 	C:\WINDOWS\System32\GDI32.dll
0x00007ff920540000 - 0x00007ff92065b000 	C:\WINDOWS\System32\gdi32full.dll
0x00007ff920660000 - 0x00007ff9206fa000 	C:\WINDOWS\System32\msvcp_win.dll
0x00007ff9178a0000 - 0x00007ff9178aa000 	C:\WINDOWS\SYSTEM32\VERSION.dll
0x00007ff921e80000 - 0x00007ff921eb1000 	C:\WINDOWS\System32\IMM32.DLL
0x00007ff903d30000 - 0x00007ff903d3c000 	C:\Users\shaya\Downloads\jdk-21_windows-x64_bin\jdk-21.0.5\bin\vcruntime140_1.dll
0x00007ff89bdf0000 - 0x00007ff89be7e000 	C:\Users\shaya\Downloads\jdk-21_windows-x64_bin\jdk-21.0.5\bin\msvcp140.dll
0x00007ff845b10000 - 0x00007ff846828000 	C:\Users\shaya\Downloads\jdk-21_windows-x64_bin\jdk-21.0.5\bin\server\jvm.dll
0x00007ff9210a0000 - 0x00007ff921111000 	C:\WINDOWS\System32\WS2_32.dll
0x00007ff91f940000 - 0x00007ff91f98d000 	C:\WINDOWS\SYSTEM32\POWRPROF.dll
0x00007ff919340000 - 0x00007ff919374000 	C:\WINDOWS\SYSTEM32\WINMM.dll
0x00007ff91f920000 - 0x00007ff91f933000 	C:\WINDOWS\SYSTEM32\UMPDC.dll
0x00007ff91ecd0000 - 0x00007ff91ece8000 	C:\WINDOWS\SYSTEM32\kernel.appcore.dll
0x00007ff903be0000 - 0x00007ff903bea000 	C:\Users\shaya\Downloads\jdk-21_windows-x64_bin\jdk-21.0.5\bin\jimage.dll
0x00007ff916c50000 - 0x00007ff916e82000 	C:\WINDOWS\SYSTEM32\DBGHELP.DLL
0x00007ff920ba0000 - 0x00007ff920f31000 	C:\WINDOWS\System32\combase.dll
0x00007ff9228f0000 - 0x00007ff9229c7000 	C:\WINDOWS\System32\OLEAUT32.dll
0x00007ff9046c0000 - 0x00007ff9046f2000 	C:\WINDOWS\SYSTEM32\dbgcore.DLL
0x00007ff9204c0000 - 0x00007ff92053b000 	C:\WINDOWS\System32\bcryptPrimitives.dll
0x00007ff8b31b0000 - 0x00007ff8b31ec000 	C:\Users\shaya\Downloads\jdk-21_windows-x64_bin\jdk-21.0.5\bin\jdwp.dll
0x00007ff90f990000 - 0x00007ff90f99f000 	C:\Users\shaya\Downloads\jdk-21_windows-x64_bin\jdk-21.0.5\bin\instrument.dll
0x00007ff8b5ac0000 - 0x00007ff8b5adf000 	C:\Users\shaya\Downloads\jdk-21_windows-x64_bin\jdk-21.0.5\bin\java.dll
0x00007ff8b5a20000 - 0x00007ff8b5a38000 	C:\Users\shaya\Downloads\jdk-21_windows-x64_bin\jdk-21.0.5\bin\zip.dll
0x00007ff921140000 - 0x00007ff9219b9000 	C:\WINDOWS\System32\SHELL32.dll
0x00007ff91dbc0000 - 0x00007ff91e4c9000 	C:\WINDOWS\SYSTEM32\windows.storage.dll
0x00007ff91da80000 - 0x00007ff91dbbf000 	C:\WINDOWS\SYSTEM32\wintypes.dll
0x00007ff921f70000 - 0x00007ff92206a000 	C:\WINDOWS\System32\SHCORE.dll
0x00007ff920980000 - 0x00007ff9209de000 	C:\WINDOWS\System32\shlwapi.dll
0x00007ff91fc00000 - 0x00007ff91fc2b000 	C:\WINDOWS\SYSTEM32\profapi.dll
0x00007ff896820000 - 0x00007ff8968f7000 	C:\Users\shaya\Downloads\jdk-21_windows-x64_bin\jdk-21.0.5\bin\jsvml.dll
0x00007ff8b4450000 - 0x00007ff8b445c000 	C:\Users\shaya\Downloads\jdk-21_windows-x64_bin\jdk-21.0.5\bin\dt_socket.dll
0x00007ff91e730000 - 0x00007ff91e75d000 	C:\WINDOWS\SYSTEM32\IPHLPAPI.DLL
0x00007ff91f150000 - 0x00007ff91f1b9000 	C:\WINDOWS\system32\mswsock.dll
0x00007ff8fd580000 - 0x00007ff8fd590000 	C:\Users\shaya\Downloads\jdk-21_windows-x64_bin\jdk-21.0.5\bin\net.dll
0x00007ff91c090000 - 0x00007ff91c1c6000 	C:\WINDOWS\SYSTEM32\WINHTTP.dll
0x00007ff8b5a40000 - 0x00007ff8b5a56000 	C:\Users\shaya\Downloads\jdk-21_windows-x64_bin\jdk-21.0.5\bin\nio.dll
0x00007ff90fa10000 - 0x00007ff90fa1e000 	C:\Users\shaya\Downloads\jdk-21_windows-x64_bin\jdk-21.0.5\bin\sunmscapi.dll
0x00007ff920320000 - 0x00007ff920486000 	C:\WINDOWS\System32\CRYPT32.dll
0x00007ff91f610000 - 0x00007ff91f63d000 	C:\WINDOWS\SYSTEM32\ncrypt.dll
0x00007ff91f5d0000 - 0x00007ff91f607000 	C:\WINDOWS\SYSTEM32\NTASN1.dll
0x00007ff91f380000 - 0x00007ff91f39b000 	C:\WINDOWS\SYSTEM32\CRYPTSP.dll
0x00007ff91ec30000 - 0x00007ff91ec65000 	C:\WINDOWS\system32\rsaenh.dll
0x00007ff91f210000 - 0x00007ff91f238000 	C:\WINDOWS\SYSTEM32\USERENV.dll
0x00007ff91f370000 - 0x00007ff91f37c000 	C:\WINDOWS\SYSTEM32\CRYPTBASE.dll
0x00007ff920f40000 - 0x00007ff920f49000 	C:\WINDOWS\System32\NSI.dll
0x00007ff8b5630000 - 0x00007ff8b563a000 	C:\Users\shaya\Downloads\jdk-21_windows-x64_bin\jdk-21.0.5\bin\management.dll
0x00007ff8b4670000 - 0x00007ff8b467b000 	C:\Users\shaya\Downloads\jdk-21_windows-x64_bin\jdk-21.0.5\bin\management_ext.dll
0x00007ff921e10000 - 0x00007ff921e18000 	C:\WINDOWS\System32\PSAPI.DLL
0x00007ff8fc380000 - 0x00007ff8fc390000 	C:\Users\shaya\Downloads\jdk-21_windows-x64_bin\jdk-21.0.5\bin\verify.dll
0x00007ff91e7a0000 - 0x00007ff91e8a2000 	C:\WINDOWS\SYSTEM32\DNSAPI.dll
0x00007ff9199e0000 - 0x00007ff9199ea000 	C:\Windows\System32\rasadhlp.dll
0x00007ff9195e0000 - 0x00007ff919663000 	C:\WINDOWS\System32\fwpuclnt.dll
0x00007ff8fc500000 - 0x00007ff8fc509000 	C:\Users\shaya\Downloads\jdk-21_windows-x64_bin\jdk-21.0.5\bin\extnet.dll
0x00007ff8fec00000 - 0x00007ff8fec08000 	C:\WINDOWS\system32\wshunix.dll

dbghelp: loaded successfully - version: 4.0.5 - missing functions: none
symbol engine: initialized successfully - sym options: 0x614 - pdb path: .;C:\Users\shaya\Downloads\jdk-21_windows-x64_bin\jdk-21.0.5\bin;C:\WINDOWS\SYSTEM32;C:\WINDOWS\WinSxS\amd64_microsoft.windows.common-controls_6595b64144ccf1df_6.0.22621.4541_none_2710d1c57384c085;C:\Users\shaya\Downloads\jdk-21_windows-x64_bin\jdk-21.0.5\bin\server

VM Arguments:
jvm_args: -agentlib:jdwp=transport=dt_socket,address=127.0.0.1:61067,suspend=y,server=n -javaagent:C:\Users\shaya\AppData\Local\JetBrains\IdeaIC2024.1\captureAgent\debugger-agent.jar -Dfile.encoding=UTF-8 -Dsun.stdout.encoding=UTF-8 -Dsun.stderr.encoding=UTF-8 
java_command: pl.electronic_emergency_departament.webapi.WebApiApplication
java_class_path (initial): C:\projekt pro\e-SOR\electronic_emergency_departament\web-api\target\classes;C:\Users\shaya\.m2\repository\org\springframework\boot\spring-boot-starter-web\3.4.1\spring-boot-starter-web-3.4.1.jar;C:\Users\shaya\.m2\repository\org\springframework\boot\spring-boot-starter\3.4.1\spring-boot-starter-3.4.1.jar;C:\Users\shaya\.m2\repository\org\springframework\boot\spring-boot\3.4.1\spring-boot-3.4.1.jar;C:\Users\shaya\.m2\repository\org\springframework\boot\spring-boot-autoconfigure\3.4.1\spring-boot-autoconfigure-3.4.1.jar;C:\Users\shaya\.m2\repository\org\springframework\boot\spring-boot-starter-logging\3.4.1\spring-boot-starter-logging-3.4.1.jar;C:\Users\shaya\.m2\repository\ch\qos\logback\logback-classic\1.5.12\logback-classic-1.5.12.jar;C:\Users\shaya\.m2\repository\ch\qos\logback\logback-core\1.5.12\logback-core-1.5.12.jar;C:\Users\shaya\.m2\repository\org\apache\logging\log4j\log4j-to-slf4j\2.24.3\log4j-to-slf4j-2.24.3.jar;C:\Users\shaya\.m2\repository\org\apache\logging\log4j\log4j-api\2.24.3\log4j-api-2.24.3.jar;C:\Users\shaya\.m2\repository\org\slf4j\jul-to-slf4j\2.0.16\jul-to-slf4j-2.0.16.jar;C:\Users\shaya\.m2\repository\jakarta\annotation\jakarta.annotation-api\2.1.1\jakarta.annotation-api-2.1.1.jar;C:\Users\shaya\.m2\repository\org\yaml\snakeyaml\2.3\snakeyaml-2.3.jar;C:\Users\shaya\.m2\repository\org\springframework\boot\spring-boot-starter-json\3.4.1\spring-boot-starter-json-3.4.1.jar;C:\Users\shaya\.m2\repository\com\fasterxml\jackson\core\jackson-databind\2.18.2\jackson-databind-2.18.2.jar;C:\Users\shaya\.m2\repository\com\fasterxml\jackson\core\jackson-annotations\2.18.2\jackson-annotations-2.18.2.jar;C:\Users\shaya\.m2\repository\com\fasterxml\jackson\core\jackson-core\2.18.2\jackson-core-2.18.2.jar;C:\Users\shaya\.m2\repository\com\fasterxml\jackson\datatype\jackson-datatype-jdk8\2.18.2\jackson-datatype-jdk8-2.18.2.jar;C:\Users\shaya\.m2\repository\com\fasterxml\jackson\datatype\jackson-datatype-jsr310\2.18.2\jackson-datatype-jsr310-2.18.2.jar;C:\Users\shaya\.m2\repository\com\fasterxml\jackson\module\jackson-module-parameter-names\2.18.2\jackson-module-parameter-names-2.18.2.jar;C:\Users\shaya\.m2\repository\org\springframework\boot\spring-boot-starter-tomcat\3.4.1\spring-boot-starter-tomcat-3.4.1.jar;C:\Users\shaya\.m2\repository\org\apache\tomcat\embed\tomcat-embed-core\10.1.34\tomcat-embed-core-10.1.34.jar;C:\Users\shaya\.m2\repository\org\apache\tomcat\embed\tomcat-embed-el\10.1.34\tomcat-embed-el-10.1.34.jar;C:\Users\shaya\.m2\repository\org\apache\tomcat\embed\tomcat-embed-websocket\10.1.34\tomcat-embed-websocket-10.1.34.jar;C:\Users\shaya\.m2\repository\org\springframework\spring-web\6.2.1\spring-web-6.2.1.jar;C:\Users\shaya\.m2\repository\io\micrometer\micrometer-observation\1.14.2\micrometer-observation-1.14.2.jar;C:\Users\shaya\.m2\repository\io\micrometer\micrometer-commons\1.14.2\micrometer-commons-1.14.2.jar;C:\Users\shaya\.m2\repository\org\springframework\spring-webmvc\6.2.1\spring-webmvc-6.2.1.jar;C:\Users\shaya\.m2\repository\org\springframework\spring-context\6.2.1\spring-context-6.2.1.jar;C:\Users\shaya\.m2\repository\org\springframework\spring-expression\6.2.1\spring-expression-6.2.1.jar;C:\Users\shaya\.m2\repository\org\springframework\boot\spring-boot-starter-security\3.4.1\spring-boot-starter-security-3.4.1.jar;C:\Users\shaya\.m2\repository\org\springframework\spring-aop\6.2.1\spring-aop-6.2.1.jar;C:\Users\shaya\.m2\repository\org\springframework\security\spring-security-config\6.4.2\spring-security-config-6.4.2.jar;C:\Users\shaya\.m2\repository\org\springframework\security\spring-security-core\6.4.2\spring-security-core-6.4.2.jar;C:\Users\shaya\.m2\repository\org\springframework\security\spring-security-crypto\6.4.2\spring-security-crypto-6.4.2.jar;C:\Users\shaya\.m2\repository\org\springframework\security\spring-security-web\6.4.2\spring-security-web-6.4.2.jar;C:\Users\shaya\.m2\repository\org\projectlombok\lombok\1.18.34\lombok-1.18.34.jar;C:\Users\shaya\.m2\repository\jakarta\mail\jakarta.mail-api\2.1.3\jakarta.mail-api-2.1.3.jar;C:\Users\shaya\.m2\repository\jakarta\activation\jakarta.activation-api\2.1.3\jakarta.activation-api-2.1.3.jar;C:\Users\shaya\.m2\repository\org\springframework\boot\spring-boot-starter-mail\3.4.1\spring-boot-starter-mail-3.4.1.jar;C:\Users\shaya\.m2\repository\org\springframework\spring-context-support\6.2.1\spring-context-support-6.2.1.jar;C:\Users\shaya\.m2\repository\org\eclipse\angus\jakarta.mail\2.0.3\jakarta.mail-2.0.3.jar;C:\Users\shaya\.m2\repository\org\eclipse\angus\angus-activation\2.0.2\angus-activation-2.0.2.jar;C:\Users\shaya\.m2\repository\org\springframework\boot\spring-boot-starter-data-jpa\3.4.1\spring-boot-starter-data-jpa-3.4.1.jar;C:\Users\shaya\.m2\repository\org\springframework\boot\spring-boot-starter-jdbc\3.4.1\spring-boot-starter-jdbc-3.4.1.jar;C:\Users\shaya\.m2\repository\com\zaxxer\HikariCP\5.1.0\HikariCP-5.1.0.jar;C:\Users\shaya\.m2\repository\org\hibernate\orm\hibernate-core\6.6.4.Final\hibernate-core-6.6.4.Final.jar;C:\Users\shaya\.m2\repository\jakarta\persistence\jakarta.persistence-api\3.1.0\jakarta.persistence-api-3.1.0.jar;C:\Users\shaya\.m2\repository\jakarta\transaction\jakarta.transaction-api\2.0.1\jakarta.transaction-api-2.0.1.jar;C:\Users\shaya\.m2\repository\org\jboss\logging\jboss-logging\3.5.0.Final\jboss-logging-3.5.0.Final.jar;C:\Users\shaya\.m2\repository\org\hibernate\common\hibernate-commons-annotations\7.0.3.Final\hibernate-commons-annotations-7.0.3.Final.jar;C:\Users\shaya\.m2\repository\io\smallrye\jandex\3.2.0\jandex-3.2.0.jar;C:\Users\shaya\.m2\repository\com\fasterxml\classmate\1.5.1\classmate-1.5.1.jar;C:\Users\shaya\.m2\repository\net\bytebuddy\byte-buddy\1.14.18\byte-buddy-1.14.18.jar;C:\Users\shaya\.m2\repository\jakarta\xml\bind\jakarta.xml.bind-api\4.0.0\jakarta.xml.bind-api-4.0.0.jar;C:\Users\shaya\.m2\repository\org\glassfish\jaxb\jaxb-runtime\4.0.2\jaxb-runtime-4.0.2.jar;C:\Users\shaya\.m2\repository\org\glassfish\jaxb\jaxb-core\4.0.2\jaxb-core-4.0.2.jar;C:\Users\shaya\.m2\repository\org\glassfish\jaxb\txw2\4.0.2\txw2-4.0.2.jar;C:\Users\shaya\.m2\repository\com\sun\istack\istack-commons-runtime\4.1.1\istack-commons-runtime-4.1.1.jar;C:\Users\shaya\.m2\repository\jakarta\inject\jakarta.inject-api\2.0.1\jakarta.inject-api-2.0.1.jar;C:\Users\shaya\.m2\repository\org\antlr\antlr4-runtime\4.13.0\antlr4-runtime-4.13.0.jar;C:\Users\shaya\.m2\repository\org\springframework\data\spring-data-jpa\3.4.1\spring-data-jpa-3.4.1.jar;C:\Users\shaya\.m2\repository\org\springframework\data\spring-data-commons\3.4.1\spring-data-commons-3.4.1.jar;C:\Users\shaya\.m2\repository\org\springframework\spring-orm\6.2.1\spring-orm-6.2.1.jar;C:\Users\shaya\.m2\repository\org\slf4j\slf4j-api\2.0.2\slf4j-api-2.0.2.jar;C:\Users\shaya\.m2\repository\org\springframework\spring-aspects\6.2.1\spring-aspects-6.2.1.jar;C:\Users\shaya\.m2\repository\org\aspectj\aspectjweaver\1.9.22.1\aspectjweaver-1.9.22.1.jar;C:\projekt pro\e-SOR\electronic_emergency_departament\emd-data\target\classes;C:\Users\shaya\.m2\repository\org\postgresql\postgresql\42.7.4\postgresql-42.7.4.jar;C:\Users\shaya\.m2\repository\org\checkerframework\checker-qual\3.42.0\checker-qual-3.42.0.jar;C:\Users\shaya\.m2\repository\org\springframework\spring-jdbc\6.2.1\spring-jdbc-6.2.1.jar;C:\Users\shaya\.m2\repository\org\springframework\spring-beans\6.2.1\spring-beans-6.2.1.jar;C:\Users\shaya\.m2\repository\org\springframework\spring-core\6.2.1\spring-core-6.2.1.jar;C:\Users\shaya\.m2\repository\org\springframework\spring-jcl\6.2.1\spring-jcl-6.2.1.jar;C:\Users\shaya\.m2\repository\org\springframework\spring-tx\6.2.1\spring-tx-6.2.1.jar;C:\Users\shaya\.m2\repository\org\apache\commons\commons-lang3\3.12.0\commons-lang3-3.12.0.jar;C:\Users\shaya\.m2\repository\org\apache\tomcat\tomcat-util\11.0.2\tomcat-util-11.0.2.jar;C:\Users\shaya\.m2\repository\org\apache\tomcat\tomcat-juli\11.0.2\tomcat-juli-11.0.2.jar;C:\Users\shaya\AppData\Local\JetBrains\IntelliJ IDEA Community Edition 2024.1.5\lib\idea_rt.jar
Launcher Type: SUN_STANDARD

[Global flags]
     intx CICompilerCount                          = 12                                        {product} {ergonomic}
     uint ConcGCThreads                            = 3                                         {product} {ergonomic}
     uint G1ConcRefinementThreads                  = 13                                        {product} {ergonomic}
   size_t G1HeapRegionSize                         = 2097152                                   {product} {ergonomic}
    uintx GCDrainStackTargetSize                   = 64                                        {product} {ergonomic}
   size_t InitialHeapSize                          = 268435456                                 {product} {ergonomic}
   size_t MarkStackSize                            = 4194304                                   {product} {ergonomic}
   size_t MaxHeapSize                              = 4276092928                                {product} {ergonomic}
   size_t MaxNewSize                               = 2564816896                                {product} {ergonomic}
   size_t MinHeapDeltaBytes                        = 2097152                                   {product} {ergonomic}
   size_t MinHeapSize                              = 8388608                                   {product} {ergonomic}
    uintx NonNMethodCodeHeapSize                   = 7602480                                {pd product} {ergonomic}
    uintx NonProfiledCodeHeapSize                  = 122027880                              {pd product} {ergonomic}
    uintx ProfiledCodeHeapSize                     = 122027880                              {pd product} {ergonomic}
    uintx ReservedCodeCacheSize                    = 251658240                              {pd product} {ergonomic}
     bool SegmentedCodeCache                       = true                                      {product} {ergonomic}
   size_t SoftMaxHeapSize                          = 4276092928                             {manageable} {ergonomic}
     bool UseCompressedOops                        = true                           {product lp64_product} {ergonomic}
     bool UseG1GC                                  = true                                      {product} {ergonomic}
     bool UseLargePagesIndividualAllocation        = false                                  {pd product} {ergonomic}

Logging:
Log output configuration:
 #0: stdout all=warning uptime,level,tags foldmultilines=false
 #1: stderr all=off uptime,level,tags foldmultilines=false

Environment Variables:
JAVA_HOME=C:\Users\shaya\Downloads\jdk-21_windows-x64_bin\jdk-21.0.5
PATH=C:\Users\shaya\Downloads\jdk-21_windows-x64_bin\jdk-21.0.5\bin;C:\Users\shaya\Downloads\apache-maven-3.9.9-bin\apache-maven-3.9.9\bin;C:\WINDOWS\system32;C:\WINDOWS;C:\WINDOWS\System32\Wbem;C:\WINDOWS\System32\WindowsPowerShell\v1.0\;C:\WINDOWS\System32\OpenSSH\;C:\Program Files\Git\cmd;C:\Program Files\Docker\Docker\resources\bin;C:\Program Files\nodejs\;C:\Users\shaya\AppData\Local\Programs\Python\Python310\Scripts\;C:\Users\shaya\AppData\Local\Programs\Python\Python310\;C:\Users\shaya\AppData\Local\Programs\Python\Launcher\;C:\Users\shaya\AppData\Local\Microsoft\WindowsApps;C:\Users\shaya\AppData\Roaming\npm
USERNAME=shaya
OS=Windows_NT
PROCESSOR_IDENTIFIER=AMD64 Family 25 Model 33 Stepping 2, AuthenticAMD
TMP=C:\Users\shaya\AppData\Local\Temp
TEMP=C:\Users\shaya\AppData\Local\Temp




Periodic native trim disabled

---------------  S Y S T E M  ---------------

OS:
 Windows 11 , 64 bit Build 22621 (10.0.22621.4391)
OS uptime: 0 days 20:34 hours
Hyper-V role detected

CPU: total 16 (initial active 16) (16 cores per cpu, 2 threads per core) family 25 model 33 stepping 2 microcode 0x0, cx8, cmov, fxsr, ht, mmx, 3dnowpref, sse, sse2, sse3, ssse3, sse4a, sse4.1, sse4.2, popcnt, lzcnt, tsc, tscinvbit, avx, avx2, aes, erms, clmul, bmi1, bmi2, adx, sha, fma, vzeroupper, clflush, clflushopt, hv, rdtscp, rdpid, fsrm, f16c, cet_ss
Processor Information for all 16 processors :
  Max Mhz: 3401, Current Mhz: 3401, Mhz Limit: 3401

Memory: 4k page, system-wide physical 16305M (662M free)
TotalPageFile size 32689M (AvailPageFile size 10528M)
current process WorkingSet (physical memory assigned to process): 287M, peak: 438M
current process commit charge ("private bytes"): 333M, peak: 488M

vm_info: Java HotSpot(TM) 64-Bit Server VM (21.0.5+9-LTS-239) for windows-amd64 JRE (21.0.5+9-LTS-239), built on 2024-09-30T05:17:38Z by "mach5one" with MS VC++ 17.6 (VS2022)

END.
